<?xml version="1.0" encoding="UTF-8"?>
<testsuite name="fizz_buzz.FizzBuzzTest" tests="5" skipped="0" failures="0" errors="0" timestamp="2020-11-23T04:36:18" hostname="UNIT2020-25" time="0.011">
  <properties/>
  <testcase name="whenGiven2FizzBuzzSays2" classname="fizz_buzz.FizzBuzzTest" time="0.01"/>
  <testcase name="whenGiven1FizzBuzzSays1" classname="fizz_buzz.FizzBuzzTest" time="0.0"/>
  <testcase name="whenGiven5FizzBuzzSaysBuzz" classname="fizz_buzz.FizzBuzzTest" time="0.0"/>
  <testcase name="whenGiven3FizzBuzzSaysFizz" classname="fizz_buzz.FizzBuzzTest" time="0.0"/>
  <testcase name="whenGiven4FizzBuzzSays4" classname="fizz_buzz.FizzBuzzTest" time="0.0"/>
  <system-out><![CDATA[]]></system-out>
  <system-err><![CDATA[]]></system-err>
</testsuite>
