<?xml version="1.0" encoding="UTF-8"?>
<testsuite name="triangles.TrianglesTest" tests="1" skipped="0" failures="0" errors="0" timestamp="2020-11-23T04:20:45" hostname="UNIT2020-25" time="0.007">
  <properties/>
  <testcase name="noEqualSidesIsAScaleneTriangle" classname="triangles.TrianglesTest" time="0.007"/>
  <system-out><![CDATA[]]></system-out>
  <system-err><![CDATA[]]></system-err>
</testsuite>
