<?xml version="1.0" encoding="UTF-8"?>
<testsuite name="triangles.TrianglesTest" tests="5" skipped="0" failures="0" errors="0" timestamp="2020-11-23T04:24:01" hostname="UNIT2020-25" time="0.006">
  <properties/>
  <testcase name="threeEqualSidesIsAnEquilateralTriangle" classname="triangles.TrianglesTest" time="0.004"/>
  <testcase name="noEqualSidesIsAScaleneTriangle" classname="triangles.TrianglesTest" time="0.0"/>
  <testcase name="ninetyDegreeAngleIsARightTriangle" classname="triangles.TrianglesTest" time="0.0"/>
  <testcase name="twoEqualSidesIsAnIsoscelesTriangle" classname="triangles.TrianglesTest" time="0.0"/>
  <testcase name="canCheckIfTriangleCanBeMade" classname="triangles.TrianglesTest" time="0.001"/>
  <system-out><![CDATA[]]></system-out>
  <system-err><![CDATA[]]></system-err>
</testsuite>
