<?xml version="1.0" encoding="UTF-8"?>
<testsuite name="triangles.TrianglesTest" tests="1" skipped="0" failures="0" errors="0" timestamp="2020-11-23T04:13:35" hostname="UNIT2020-25" time="0.006">
  <properties/>
  <testcase name="ninetyDegreeAngleIsARightTriangle" classname="triangles.TrianglesTest" time="0.006"/>
  <system-out><![CDATA[]]></system-out>
  <system-err><![CDATA[]]></system-err>
</testsuite>
